<?xml version="1.0" encoding="UTF-8" ?>
<testsuite tests="18" failures="0" name="com.cts.rabo.controller.test.RunFailHandlingTest" time="0.01" errors="0" skipped="0">
  <properties>
    <property name="java.runtime.name" value="Java(TM) SE Runtime Environment"/>
    <property name="sun.boot.library.path" value="C:\Program Files\Java\jdk1.8.0_192\jre\bin"/>
    <property name="java.vm.version" value="25.192-b26"/>
    <property name="java.vm.vendor" value="Oracle Corporation"/>
    <property name="maven.multiModuleProjectDirectory" value="C:\Users\550072\workspace\RaboAssignment"/>
    <property name="java.vendor.url" value="http://java.oracle.com/"/>
    <property name="path.separator" value=";"/>
    <property name="guice.disable.misplaced.annotation.check" value="true"/>
    <property name="java.vm.name" value="Java HotSpot(TM) 64-Bit Server VM"/>
    <property name="file.encoding.pkg" value="sun.io"/>
    <property name="user.script" value=""/>
    <property name="user.country" value="US"/>
    <property name="sun.java.launcher" value="SUN_STANDARD"/>
    <property name="sun.os.patch.level" value="Service Pack 1"/>
    <property name="java.vm.specification.name" value="Java Virtual Machine Specification"/>
    <property name="user.dir" value="C:\Users\550072\workspace\RaboAssignment"/>
    <property name="java.runtime.version" value="1.8.0_192-b26"/>
    <property name="java.awt.graphicsenv" value="sun.awt.Win32GraphicsEnvironment"/>
    <property name="java.endorsed.dirs" value="C:\Program Files\Java\jdk1.8.0_192\jre\lib\endorsed"/>
    <property name="os.arch" value="amd64"/>
    <property name="java.io.tmpdir" value="C:\Users\550072\AppData\Local\Temp\"/>
    <property name="line.separator" value="
"/>
    <property name="java.vm.specification.vendor" value="Oracle Corporation"/>
    <property name="user.variant" value=""/>
    <property name="os.name" value="Windows 7"/>
    <property name="classworlds.conf" value="C:\Users\550072\workspace\.metadata\.plugins\org.eclipse.m2e.launching\launches\m2conf4682732332012469571.tmp"/>
    <property name="sun.jnu.encoding" value="Cp1252"/>
    <property name="java.library.path" value="C:\Program Files\Java\jdk1.8.0_192\bin;C:\WINDOWS\Sun\Java\bin;C:\WINDOWS\system32;C:\WINDOWS;C:\Program Files (x86)\Common Files\Oracle\Java\javapath;%PATH%;C:\Program Files\nodejs\;C:\Program Files\Java\jdk1.8.0_192\bin;C:\Users\550072\AppData\Roaming\npm;."/>
    <property name="java.specification.name" value="Java Platform API Specification"/>
    <property name="java.class.version" value="52.0"/>
    <property name="sun.management.compiler" value="HotSpot 64-Bit Tiered Compilers"/>
    <property name="os.version" value="6.1"/>
    <property name="user.home" value="C:\Users\550072"/>
    <property name="user.timezone" value="Asia/Calcutta"/>
    <property name="java.awt.printerjob" value="sun.awt.windows.WPrinterJob"/>
    <property name="java.specification.version" value="1.8"/>
    <property name="file.encoding" value="Cp1252"/>
    <property name="user.name" value="550072"/>
    <property name="java.class.path" value="/C:/Users/550072/Downloads/eclipse-jee-oxygen-M2-win32-x86_64/eclipse/plugins/org.eclipse.m2e.maven.runtime_1.8.0.20160921-2001/jars/plexus-classworlds-2.5.2.jar"/>
    <property name="java.vm.specification.version" value="1.8"/>
    <property name="sun.arch.data.model" value="64"/>
    <property name="java.home" value="C:\Program Files\Java\jdk1.8.0_192\jre"/>
    <property name="sun.java.command" value="org.codehaus.plexus.classworlds.launcher.Launcher -B -s C:\Users\550072\.m2\settings.xml clean install"/>
    <property name="java.specification.vendor" value="Oracle Corporation"/>
    <property name="user.language" value="en"/>
    <property name="awt.toolkit" value="sun.awt.windows.WToolkit"/>
    <property name="java.vm.info" value="mixed mode"/>
    <property name="java.version" value="1.8.0_192"/>
    <property name="java.ext.dirs" value="C:\Program Files\Java\jdk1.8.0_192\jre\lib\ext;C:\WINDOWS\Sun\Java\lib\ext"/>
    <property name="sun.boot.class.path" value="C:\Program Files\Java\jdk1.8.0_192\jre\lib\resources.jar;C:\Program Files\Java\jdk1.8.0_192\jre\lib\rt.jar;C:\Program Files\Java\jdk1.8.0_192\jre\lib\sunrsasign.jar;C:\Program Files\Java\jdk1.8.0_192\jre\lib\jsse.jar;C:\Program Files\Java\jdk1.8.0_192\jre\lib\jce.jar;C:\Program Files\Java\jdk1.8.0_192\jre\lib\charsets.jar;C:\Program Files\Java\jdk1.8.0_192\jre\lib\jfr.jar;C:\Program Files\Java\jdk1.8.0_192\jre\classes"/>
    <property name="java.vendor" value="Oracle Corporation"/>
    <property name="maven.home" value="C:\Users\550072\workspace\RaboAssignment\EMBEDDED"/>
    <property name="file.separator" value="\"/>
    <property name="java.vendor.url.bug" value="http://bugreport.sun.com/bugreport/"/>
    <property name="sun.cpu.endian" value="little"/>
    <property name="sun.io.unicode.encoding" value="UnicodeLittle"/>
    <property name="sun.desktop" value="windows"/>
    <property name="sun.cpu.isalist" value="amd64"/>
  </properties>
  <testcase classname="Scenario: Uploading a XML File to get Failed transaction report" name="Given I visit the file upload page" time="0.002"/>
  <testcase classname="Scenario: Uploading a XML File to get Failed transaction report" name="When I upload an XML file" time="0"/>
  <testcase classname="Scenario: Uploading a XML File to get Failed transaction report" name="Then Process the file data" time="0"/>
  <testcase classname="Scenario: Uploading a XML File to get Failed transaction report" name="And I should able to get Failed transaction report" time="0"/>
  <testcase classname="Scenario: Uploading a XML File to get Failed transaction report" name="Scenario: Uploading a XML File to get Failed transaction report" time="0.001"/>
  <testcase classname="Scenario: Uploading a CSV File to get Failed transaction report" name="Given I visit the file upload page" time="0"/>
  <testcase classname="Scenario: Uploading a CSV File to get Failed transaction report" name="When I upload an CSV file" time="0"/>
  <testcase classname="Scenario: Uploading a CSV File to get Failed transaction report" name="Then Process the file data" time="0"/>
  <testcase classname="Scenario: Uploading a CSV File to get Failed transaction report" name="And I should able to get Failed transaction report" time="0"/>
  <testcase classname="Scenario: Uploading a CSV File to get Failed transaction report" name="Scenario: Uploading a CSV File to get Failed transaction report" time="0"/>
  <testcase classname="Scenario: Uploading an Empty File" name="Given I visit the file upload page" time="0.001"/>
  <testcase classname="Scenario: Uploading an Empty File" name="When I upload an empty file" time="0"/>
  <testcase classname="Scenario: Uploading an Empty File" name="Then Process the file data and throw ERROR" time="0"/>
  <testcase classname="Scenario: Uploading an Empty File" name="Scenario: Uploading an Empty File" time="0.006"/>
  <testcase classname="Scenario: Uploading an File with no Failed transaction" name="Given I visit the file upload page" time="0"/>
  <testcase classname="Scenario: Uploading an File with no Failed transaction" name="When I upload an file with no Failed transaction" time="0"/>
  <testcase classname="Scenario: Uploading an File with no Failed transaction" name="Then Process the file data and get report" time="0"/>
  <testcase classname="Scenario: Uploading an File with no Failed transaction" name="Scenario: Uploading an File with no Failed transaction" time="0"/>
</testsuite>